<?xml version="1.0" encoding="UTF-8"?>
<!-- Generated by org.testng.reporters.JUnitReportReporter -->
<testsuite hostname="Prathapreddy" failures="0" tests="3" name="practice.Testngpractice" time="0.019" errors="0" timestamp="2023-11-02T12:03:16 IST" skipped="0">
  <testcase classname="practice.Testngpractice" name="case1" time="0.015"/>
  <system-out/>
  <testcase classname="practice.Testngpractice" name="case3" time="0.002"/>
  <system-out/>
  <testcase classname="practice.Testngpractice" name="case2" time="0.002"/>
  <system-out/>
</testsuite> <!-- practice.Testngpractice -->
